<?xml version="1.0" encoding="UTF-8"?>
<!-- Generated by org.testng.reporters.JUnitXMLReporter -->
<testsuite ignored="0" hostname="DESKTOP-1KB0RC3" failures="1" tests="1" name="Test" time="3.053" errors="0" timestamp="2022-09-20T10:54:45 IST">
  <testcase classname="selenium.AddToCart" name="AddToCartProduct" time="2.923">
    <failure type="org.openqa.selenium.SessionNotCreatedException" message="session not created: This version of ChromeDriver only supports Chrome version 103
Current browser version is 105.0.5195.127 with binary path C:\Program Files\Google\Chrome\Application\chrome.exe
Build info: version: &amp;apos;3.141.59&amp;apos;, revision: &amp;apos;e82be7d358&amp;apos;, time: &amp;apos;2018-11-14T08:17:03&amp;apos;
System info: host: &amp;apos;DESKTOP-1KB0RC3&amp;apos;, ip: &amp;apos;192.168.253.1&amp;apos;, os.name: &amp;apos;Windows 10&amp;apos;, os.arch: &amp;apos;amd64&amp;apos;, os.version: &amp;apos;10.0&amp;apos;, java.version: &amp;apos;18.0.1&amp;apos;
Driver info: driver.version: ChromeDriver
remote stacktrace: Backtrace:
	Ordinal0 [0x00DE6463+2188387]
	Ordinal0 [0x00D7E461+1762401]
	Ordinal0 [0x00C93D78+802168]
	Ordinal0 [0x00CB4E59+937561]
	Ordinal0 [0x00CB0A6C+920172]
	Ordinal0 [0x00CAE331+910129]
	Ordinal0 [0x00CE1430+1119280]
	Ordinal0 [0x00CE108A+1118346]
	Ordinal0 [0x00CDC5F6+1099254]
	Ordinal0 [0x00CB6BE0+945120]
	Ordinal0 [0x00CB7AD6+948950]
	GetHandleVerifier [0x010871F2+2712546]
	GetHandleVerifier [0x0107886D+2652765]
	GetHandleVerifier [0x00E7002A+520730]
	GetHandleVerifier [0x00E6EE06+516086]
	Ordinal0 [0x00D8468B+1787531]
	Ordinal0 [0x00D88E88+1805960]
	Ordinal0 [0x00D88F75+1806197]
	Ordinal0 [0x00D91DF1+1842673]
	BaseThreadInitThunk [0x75ABFA29+25]
	RtlGetAppContainerNamedObjectPath [0x77C37B5E+286]
	RtlGetAppContainerNamedObjectPath [0x77C37B2E+238]
">
      <![CDATA[org.openqa.selenium.SessionNotCreatedException: session not created: This version of ChromeDriver only supports Chrome version 103
Current browser version is 105.0.5195.127 with binary path C:\Program Files\Google\Chrome\Application\chrome.exe
Build info: version: '3.141.59', revision: 'e82be7d358', time: '2018-11-14T08:17:03'
System info: host: 'DESKTOP-1KB0RC3', ip: '192.168.253.1', os.name: 'Windows 10', os.arch: 'amd64', os.version: '10.0', java.version: '18.0.1'
Driver info: driver.version: ChromeDriver
remote stacktrace: Backtrace:
Ordinal0 [0x00DE6463+2188387]
Ordinal0 [0x00D7E461+1762401]
Ordinal0 [0x00C93D78+802168]
Ordinal0 [0x00CB4E59+937561]
Ordinal0 [0x00CB0A6C+920172]
Ordinal0 [0x00CAE331+910129]
Ordinal0 [0x00CE1430+1119280]
Ordinal0 [0x00CE108A+1118346]
Ordinal0 [0x00CDC5F6+1099254]
Ordinal0 [0x00CB6BE0+945120]
Ordinal0 [0x00CB7AD6+948950]
GetHandleVerifier [0x010871F2+2712546]
GetHandleVerifier [0x0107886D+2652765]
GetHandleVerifier [0x00E7002A+520730]
GetHandleVerifier [0x00E6EE06+516086]
Ordinal0 [0x00D8468B+1787531]
Ordinal0 [0x00D88E88+1805960]
Ordinal0 [0x00D88F75+1806197]
Ordinal0 [0x00D91DF1+1842673]
BaseThreadInitThunk [0x75ABFA29+25]
RtlGetAppContainerNamedObjectPath [0x77C37B5E+286]
RtlGetAppContainerNamedObjectPath [0x77C37B2E+238]

at org.openqa.selenium.remote.W3CHandshakeResponse.lambda$errorHandler$0(W3CHandshakeResponse.java:62)
at org.openqa.selenium.remote.HandshakeResponse.lambda$getResponseFunction$0(HandshakeResponse.java:30)
at org.openqa.selenium.remote.ProtocolHandshake.lambda$createSession$0(ProtocolHandshake.java:126)
at java.base/java.util.stream.ReferencePipeline$3$1.accept(ReferencePipeline.java:197)
at java.base/java.util.Spliterators$ArraySpliterator.tryAdvance(Spliterators.java:1002)
at java.base/java.util.stream.ReferencePipeline.forEachWithCancel(ReferencePipeline.java:129)
at java.base/java.util.stream.AbstractPipeline.copyIntoWithCancel(AbstractPipeline.java:527)
at java.base/java.util.stream.AbstractPipeline.copyInto(AbstractPipeline.java:513)
at java.base/java.util.stream.AbstractPipeline.wrapAndCopyInto(AbstractPipeline.java:499)
at java.base/java.util.stream.FindOps$FindOp.evaluateSequential(FindOps.java:150)
at java.base/java.util.stream.AbstractPipeline.evaluate(AbstractPipeline.java:234)
at java.base/java.util.stream.ReferencePipeline.findFirst(ReferencePipeline.java:647)
at org.openqa.selenium.remote.ProtocolHandshake.createSession(ProtocolHandshake.java:128)
at org.openqa.selenium.remote.ProtocolHandshake.createSession(ProtocolHandshake.java:74)
at org.openqa.selenium.remote.HttpCommandExecutor.execute(HttpCommandExecutor.java:136)
at org.openqa.selenium.remote.service.DriverCommandExecutor.execute(DriverCommandExecutor.java:83)
at org.openqa.selenium.remote.RemoteWebDriver.execute(RemoteWebDriver.java:552)
at org.openqa.selenium.remote.RemoteWebDriver.startSession(RemoteWebDriver.java:213)
at org.openqa.selenium.remote.RemoteWebDriver.<init>(RemoteWebDriver.java:131)
at org.openqa.selenium.chrome.ChromeDriver.<init>(ChromeDriver.java:181)
at org.openqa.selenium.chrome.ChromeDriver.<init>(ChromeDriver.java:168)
at org.openqa.selenium.chrome.ChromeDriver.<init>(ChromeDriver.java:123)
at selenium.AddToCart.AddToCartProduct(AddToCart.java:14)
at java.base/java.util.ArrayList.forEach(ArrayList.java:1511)
... Removed 28 stack frames]]>
    </failure>
  </testcase> <!-- AddToCartProduct -->
</testsuite> <!-- Test -->
